{"D:\\laragon\\www\\Javascript-estudio\\clean-code\\TDD\\src\\core\\sum.ts": {"path":"D:\\laragon\\www\\Javascript-estudio\\clean-code\\TDD\\src\\core\\sum.ts","statementMap":{"0":{"start":{"line":1,"column":13},"end":{"line":1,"column":35}},"1":{"start":{"line":1,"column":29},"end":{"line":1,"column":35}}},"fnMap":{"0":{"name":"(anonymous_0)","decl":{"start":{"line":1,"column":19},"end":{"line":1,"column":20}},"loc":{"start":{"line":1,"column":24},"end":{"line":1,"column":30}}}},"branchMap":{},"s":{"0":1,"1":2},"f":{"0":2},"b":{}}
}
